info: API : /api/topics/?index=3&page=1&isMine=true 1659340127825 OK
info: API : /api/topics/ 1659353620511 OK
info: API : /api/project/allProjects 1659353620517 OK
info: API : /api/project/allProjects?isMin=true 1659353639162 OK
info: API : /api/topics/?index=10&page=1 1659353639164 OK
info: API : /api/topics/?index=10&page=1&type=offer 1659353649990 OK
info: API : /api/topics/?index=10&page=1&type=offer&topicStatus=published 1659353654050 OK
info: API : /api/topics/?index=10&page=1&topicStatus=published 1659353660004 OK
info: API : /api/topics/?index=10&page=1 1659353661913 OK
info: API : /api/topics/ 1659353938835 OK
info: API : /api/project/allProjects 1659353938839 OK
info: API : /api/user/activities/ 1659353969145 OK
info: API : /api/topics/?isMine=true 1659353993460 OK
info: API : /api/topics/?isMine=true 1659354732332 OK
info: API : /api/topics//0bae99a7-f1bc-45d6-a906-c6c4af572054/comment/ 1659354894865 OK
info: API : /api/topics/?isMine=true 1659355033546 OK
info: API : /api/project/allProjects?isMin=true 1659355255138 OK
info: API : /api/topics//35334ef5-bff4-4f48-9e7f-313bda14cca9/comment/ 1659355380843 OK
info: API : /api/topics/ 1659355637517 OK
info: API : /api/project/allProjects 1659355637527 OK
info: API : /api/topics/?isMine=true 1659355673523 OK
info: API : /api/topics/?index=3&page=1&isMine=true 1659355697119 OK
info: API : /api/topics/?index=3&page=1&isMine=true 1659355735121 OK
info: API : /api/topics/?index=3&page=1&isMine=true 1659356220682 OK
info: API : /api/topics/?index=3&page=1&isMine=true 1659356225600 OK
info: API : /api/topics/?index=3&page=1&isMine=true 1659356227083 OK
info: API : /api/topics/?index=3&page=1&isMine=true 1659356229092 OK
info: API : /api/topics/?index=3&page=1&isMine=true 1659356229945 OK
info: API : /api/topics/?index=3&page=1&isMine=true 1659356232143 OK
info: API : /api/topics/?index=3&page=1&isMine=true 1659356232914 OK
info: API : /api/topics/?index=3&page=1&isMine=true 1659356245263 OK
info: API : /api/topics/?index=3&page=1&isMine=true 1659356256827 OK
info: API : /api/topics/?index=3&page=1&isMine=true 1659356323147 OK
info: API : /api/topics/?index=3&page=1&isMine=true 1659356392179 OK
info: API : /api/topics/?index=3&page=1&isMine=true 1659356457566 OK
info: API : /api/topics/?index=3&page=1&isMine=true 1659356568966 OK
info: API : /api/topics/?index=3&page=1&isMine=true 1659356577242 OK
info: API : /api/topics/?index=3&page=1&isMine=true 1659356637211 OK
info: API : /api/topics/?index=3&page=1&isMine=true 1659356643966 OK
info: API : /api/topics/?index=3&page=1&isMine=true 1659356753424 OK
info: API : /api/topics/?index=3&page=1&isMine=true 1659356756913 OK
info: API : /api/topics/?index=3&page=1&isMine=true 1659356808101 OK
info: API : /api/topics/?index=3&page=1&isMine=true 1659356814781 OK
info: API : /api/topics/?index=3&page=1&isMine=true 1659356844528 OK
info: API : /api/topics/?index=3&page=1&isMine=true 1659356848749 OK
info: API : /api/topics/?index=3&page=1&isMine=true 1659356889986 OK
info: API : /api/topics/?index=3&page=1&isMine=true 1659356980245 OK
info: API : /api/topics/?index=3&page=1&isMine=true 1659356985226 OK
info: API : /api/topics/?index=3&page=1&isMine=true 1659357120012 OK
info: API : /api/topics/?index=3&page=1&isMine=true 1659357130378 OK
info: API : /api/topics/?index=3&page=1&isMine=true 1659357157625 OK
info: API : /api/topics/?index=3&page=1&isMine=true 1659357179188 OK
info: API : /api/topics/?index=3&page=1&isMine=true 1659357186280 OK
info: API : /api/topics/?index=3&page=1&isMine=true 1659357589931 OK
info: API : /api/topics/?index=3&page=1&isMine=true 1659357593403 OK
info: API : /api/topics/?index=3&page=1&isMine=true 1659357610520 OK
info: API : /api/topics/?index=3&page=1&isMine=true 1659357615515 OK
info: API : /api/topics/?index=3&page=1&isMine=true 1659357645267 OK
info: API : /api/topics/?index=3&page=1&isMine=true 1659357652346 OK
info: API : /api/topics/?index=3&page=1&isMine=true 1659357722524 OK
info: API : /api/topics/?index=3&page=1&isMine=true 1659357727270 OK
info: API : /api/topics/?index=3&page=1&isMine=true 1659357753728 OK
info: API : /api/topics/?index=3&page=1&isMine=true 1659357837557 OK
info: API : /api/topics/?index=3&page=1&isMine=true 1659357849883 OK
info: API : /api/topics/?index=3&page=1&isMine=true 1659358143040 OK
info: API : /api/topics/?index=3&page=1&isMine=true 1659358148580 OK
info: API : /api/topics/?index=3&page=1&isMine=true 1659358304569 OK
info: API : /api/topics/?index=3&page=1&isMine=true 1659358310630 OK
info: API : /api/topics/?index=3&page=1&isMine=true 1659358657184 OK
info: API : /api/topics/?index=3&page=1&isMine=true 1659358662854 OK
info: API : /api/topics/?index=3&page=1&isMine=true 1659358665254 OK
info: API : /api/topics/?index=3&page=1&isMine=true 1659358739890 OK
info: API : /api/topics/?index=3&page=1 1659358859590 OK
info: API : /api/topics/?index=3&page=1 1659358869481 OK
info: API : /api/topics/?index=3&page=1 1659358874000 OK
info: API : /api/topics/?topicStatus=-1&index=3&page=1 1659360553695 OK
info: API : /api/topics/?topicStatus=-1&index=3&page=1 1659360556466 OK
info: API : /api/topics/?topicStatus=-1&index=3&page=1 1659360565351 OK
info: API : /api/topics/?topicStatus=-1&index=3&page=1 1659360568265 OK
info: API : /api/topics/?topicStatus=-1&index=3&page=1 1659360572970 OK
info: API : /api/topics/?topicStatus=-1&index=3&page=1 1659360580907 OK
info: API : /api/topics/?topicStatus=-1&index=3&page=1 1659360583572 OK
info: API : /api/topics/?title=pp&topicStatus=-1&index=3&page=1 1659360681198 OK
info: API : /api/topics/?title=pp&index=3&page=1 1659360685202 OK
info: API : /api/topics/?topicStatus=-1&index=3&page=1 1659360689036 OK
info: API : /api/topics/?topicStatus=-1&index=3&page=1&isMine=true 1659360720228 OK
info: API : /api/topics/?index=3&page=1&isMine=true 1659360723681 OK
info: API : /api/topics/?topicStatus=-1&index=3&page=1 1659360728158 OK
info: API : /api/project/allProjects 1659360762760 OK
info: API : /api/topics/ 1659360762771 OK
info: API : /api/topics/?isMine=true 1659360769433 OK
info: API : /api/topics//7de6fa90-ad1b-4f41-bca1-9663b1947c06/comment/ 1659360771836 OK
info: API : /api/project/allProjects 1659360830528 OK
info: API : /api/topics/ 1659360830536 OK
info: API : /api/topics/?isMine=true 1659360844582 OK
info: API : /api/topics/?index=3&page=1&isMine=true 1659360854313 OK
info: API : /api/topics/?isMine=true 1659360872958 OK
info: API : /api/topics/?isMine=true 1659360892105 OK
info: API : /api/topics//0bae99a7-f1bc-45d6-a906-c6c4af572054/comment/ 1659360894974 OK
info: API : /api/topics//0bae99a7-f1bc-45d6-a906-c6c4af572054/comment/ 1659360912583 OK
info: API : /api/topics//0bae99a7-f1bc-45d6-a906-c6c4af572054/comment/ 1659360915459 OK
info: API : /api/topics//0bae99a7-f1bc-45d6-a906-c6c4af572054/comment/ 1659360941687 OK
info: API : /api/project/allProjects?isMin=true 1659361004881 OK
info: API : /api/project/allProjects?isMin=true 1659361080459 OK
info: API : /api/project/allProjects?isMin=true 1659361089165 OK
info: API : /api/project/allProjects?isMin=true 1659361094395 OK
info: API : /api/project/allProjects?isMin=true 1659361154554 OK
info: API : /api/project/allProjects?isMin=true 1659361233089 OK
info: API : /api/topics/ 1659361276395 OK
info: API : /api/project/allProjects 1659361276397 OK
info: API : /api/topics//0bae99a7-f1bc-45d6-a906-c6c4af572054/comment/ 1659361321820 OK
info: API : /api/topics/?isMine=true 1659361327097 OK
info: API : /api/project/allProjects?isMin=true 1659361333826 OK
info: API : /api/project/allProjects?isMin=true 1659361358020 OK
info: API : /api/project/allProjects?isMin=true 1659361403849 OK
info: API : /api/topics/d79b2bcc-9133-4647-9a46-dbc4304e5161 1659361413668 OK
info: API : /api/project/allProjects?isMin=true 1659361532862 OK
info: API : /api/project/allProjects 1659361555430 OK
info: API : /api/topics/ 1659361555438 OK
info: API : /api/topics/?isMine=true 1659361562942 OK
info: API : /api/topics//8bab4122-3536-461f-985b-662de6c599c7/comment/ 1659361576221 OK
info: API : /api/project/allProjects 1659361590534 OK
info: API : /api/topics/ 1659361590543 OK
info: API : /api/topics/?isMine=true 1659361594947 OK
info: API : /api/project/allProjects?isMin=true 1659361601569 OK
info: API : /api/project/allProjects?isMin=true 1659361609931 OK
info: API : /api/topics/d79b2bcc-9133-4647-9a46-dbc4304e5161 1659413171456 OK
info: API : /api/topics/?index=3&page=1&isMine=true 1659413190362 OK
info: API : /api/topics/?index=3&page=1&isMine=true 1659413196420 OK
info: API : /api/topics/?index=3&page=1&isMine=true 1659413338271 OK
info: API : /api/topics/?index=3&page=1&isMine=true 1659413340912 OK
info: API : /api/topics/?index=3&page=1&isMine=true 1659413346891 OK
info: API : /api/topics/?index=3&page=1&isMine=true 1659413354538 OK
info: API : /api/topics/?index=3&page=1&isMine=true 1659413396557 OK
info: API : /api/topics/?index=3&page=1&isMine=true 1659413405159 OK
info: API : /api/topics/?index=3&page=1&isMine=true 1659413515780 OK
info: API : /api/topics/?index=3&page=1&isMine=true 1659413531178 OK
info: API : /api/topics/?index=3&page=1&isMine=true 1659413539225 OK
info: API : /api/topics/?index=3&page=1&isMine=true 1659413577404 OK
info: API : /api/topics/ 1659414259472 OK
info: API : /api/project/allProjects 1659414259474 OK
info: API : /api/topics/?isMine=true 1659414291965 OK
info: API : /api/project/allProjects 1659414401522 OK
info: API : /api/topics/ 1659414401537 OK
info: API : /api/topics/?isMine=true 1659414412754 OK
info: API : /api/topics/?index=3&page=1&isMine=true 1659414479052 OK
info: API : /api/project/allProjects?isMin=true 1659414486453 OK
info: API : /api/project/allProjects?isMin=true 1659414698117 OK
info: API : /api/project/allProjects?isMin=true 1659414913750 OK
info: API : /api/topics/?isMine=true 1659415056445 OK
info: API : /api/project/allProjects?isMin=true 1659415056462 OK
error: API : /api/topics/11bf42a2-ecd6-474e-89a1-14b9c1fa13f4 1659415150409 Not Found
info: API : /api/project/allProjects?isMin=true 1659415262976 OK
info: API : /api/topics/?isMine=true 1659415263031 OK
info: API : /api/topics/?isMine=true 1659415287485 OK
info: API : /api/project/allProjects?isMin=true 1659415293533 OK
info: API : /api/project/allProjects?isMin=true 1659415342264 OK
info: API : /api/project/allProjects?isMin=true 1659415391617 OK
info: API : /api/project/allProjects?isMin=true 1659415397773 OK
info: API : /api/project/allProjects?isMin=true 1659415554008 OK
info: API : /api/project/allProjects?isMin=true 1659415586132 OK
info: API : /api/project/allProjects?isMin=true 1659415589069 OK
info: API : /api/project/allProjects?isMin=true 1659415623014 OK
info: API : /api/project/allProjects?isMin=true 1659415738357 OK
info: API : /api/project/allProjects?isMin=true 1659415741987 OK
error: API : /api/topics/create//4d46a919-0bc7-4f52-8efa-9fbc1cb9e1c5 1659415748736 Not Found
info: API : /api/topics/?isMine=true 1659415790387 OK
info: API : /api/project/allProjects?isMin=true 1659415790403 OK
info: API : /api/topics/?isMine=true 1659416083111 OK
info: API : /api/project/allProjects?isMin=true 1659416083141 OK
info: API : /api/topics/?isMine=true 1659416171006 OK
info: API : /api/project/allProjects?isMin=true 1659416171024 OK
info: API : /api/project/allProjects?isMin=true 1659418592473 OK
info: API : /api/topics/ 1659418680117 OK
info: API : /api/project/allProjects 1659418680121 OK
info: API : /api/topics/?isMine=true 1659418685996 OK
info: API : /api/project/allProjects?isMin=true 1659418693326 OK
info: API : /api/project/allProjects?isMin=true 1659418721839 OK
info: API : /api/project/allProjects?isMin=true 1659418759354 OK
info: API : /api/project/allProjects?isMin=true 1659418800412 OK
info: API : /api/project/allProjects?isMin=true 1659418811998 OK
info: API : /api/project/allProjects?isMin=true 1659418816315 OK
info: API : /api/project/allProjects?isMin=true 1659418820502 OK
info: API : /api/project/allProjects?isMin=true 1659418824627 OK
info: API : /api/project/allProjects?isMin=true 1659418829273 OK
info: API : /api/topics/35334ef5-bff4-4f48-9e7f-313bda14cca9 1659418836867 OK
info: API : /api/project/allProjects?isMin=true 1659418842691 OK
info: API : /api/project/allProjects?isMin=true 1659418862795 OK
info: API : /api/project/allProjects?isMin=true 1659419176766 OK
error: API : /api/topics/11bf42a2-ecd6-474e-89a1-14b9c1fa13f4 1659419183712 Not Found
info: API : /api/topics/?index=3&page=1&isMine=true 1659419484092 OK
info: API : /api/topics 1659419489780 OK
info: API : /api/topics/ 1659419494595 OK
info: API : /api/topics/d79b2bcc-9133-4647-9a46-dbc4304e5161 1659419498424 OK
info: API : /api/topics/d79b2bcc-9133-4647-9a46-dbc4304e5161 1659419724519 OK
info: API : /api/topics/ 1659420161878 OK
info: API : /api/topics/d79b2bcc-9133-4647-9a46-dbc4304e5161 1659420165792 OK
info: API : /api/topics/d79b2bcc-9133-4647-9a46-dbc4304e5161 1659420169713 OK
info: API : /api/topics/ 1659420198888 OK
info: API : /api/topics/d79b2bcc-9133-4647-9a46-dbc4304e5161 1659421201437 OK
info: API : /api/topics/d79b2bcc-9133-4647-9a46-dbc4304e5161/ 1659421205990 OK
error: API : /api/topics/d79b2bcc-9133-4647-9a46-dbc4304e5161/hjgj 1659421209379 Not Found
info: API : /api/topics/d79b2bcc-9133-4647-9a46-dbc4304e5161 1659421219375 OK
info: API : /api/topics/d79b2bcc-9133-4647-9a46-dbc4304e5161 1659421223138 OK
info: API : /api/topics/d79b2bcc-9133-4647-9a46-dbc4304e5161 1659421585247 OK
info: API : /api/topics/d79b2bcc-9133-4647-9a46-dbc4304e5161/ 1659421588821 OK
info: API : /api/topics/0bae99a7-f1bc-45d6-a906-c6c4af572054/ 1659421608216 OK
info: API : /api/topics/0bae99a7-f1bc-45d6-a906-c6c4af572054/ 1659421611053 OK
info: API : /api/topics/0bae99a7-f1bc-45d6-a906-c6c4af572054/ 1659421619501 OK
info: API : /api/topics/78952acc-9892-4348-bc86-b5c242edf301 1659421643797 OK
info: API : /api/topics/78952acc-9892-4348-bc86-b5c242edf301/ 1659421651226 OK
info: API : /api/topics/05f42d64-1ee0-49ed-a53c-453312bfbc54/ 1659421679133 OK
info: API : /api/topics/05f42d64-1ee0-49ed-a53c-453312bfbc540 1659421688540 OK
error: API : /api/topics/05f42d64-1ee0-49ed-a53c-453312bfbc54 1659421695780 Not Found
info: API : /api/topics/05f42d64-1ee0-49ed-a53c-453312bfbc540 1659421700587 OK
info: API : /api/topics/2910dfc4-b31a-47fb-abe8-13ce18e81c1c 1659423026561 OK
info: API : /api/topics/2910dfc4-b31a-47fb-abe8-13ce18e81c1c 1659423030515 OK
info: API : /api/topics/2910dfc4-b31a-47fb-abe8-13ce18e81c1c 1659423124792 OK
info: API : /api/project/allProjects?isMin=true 1659423130351 OK
info: API : /api/topics/2910dfc4-b31a-47fb-abe8-13ce18e81c1c 1659424830686 OK
info: API : /api/topics/2910dfc4-b31a-47fb-abe8-13ce18e81c1c 1659425110941 OK
error: API : /api/topics/2910dfc4-b31a-47fb-abe8-13ce18e81c1c 1659425118574 Not Found
error: API : /api/topics/2910dfc4-b31a-47fb-abe8-13ce18e81c1c 1659425124709 Not Found
info: API : /api/topics/?isMine=true 1659425273842 OK
info: API : /api/topics/?isMine=true 1659425283679 OK
info: API : /api/project/allProjects 1659425304036 OK
info: API : /api/topics/ 1659425304039 OK
info: API : /api/topics/?isMine=true 1659425308927 OK
info: API : /api/topics/?index=3&page=1&isMine=true 1659425340644 OK
info: API : /api/topics/?isMine=true 1659425384782 OK
info: API : /api/topics/?index=3&page=1&isMine=true 1659425421920 OK
info: API : /api/topics/?isMine=true 1659425460727 OK
info: API : /api/topics/?isMine=true 1659425561155 OK
info: API : /api/project/allProjects?isMin=true 1659425578003 OK
info: API : /api/topics/?index=3&page=1&isMine=true 1659425590864 OK
info: API : /api/topics/?index=3&page=1&isMine=true 1659426027423 OK
info: API : /api/topics/?index=3&page=1&isMine=true 1659426076878 OK
info: API : /api/topics/?index=3&page=1&isMine=true 1659426117668 OK
info: API : /api/topics/?index=3&page=1&isMine=true 1659426128467 OK
info: API : /api/topics/?index=3&page=1&isMine=true 1659426166117 OK
info: API : /api/topics/?index=3&page=1&isMine=true 1659426170036 OK
info: API : /api/topics/?index=3&page=1&isMine=true 1659426171699 OK
info: API : /api/topics/?index=3&page=1&isMine=true 1659426173186 OK
info: API : /api/topics/?index=3&page=1&isMine=true 1659426174314 OK
info: API : /api/topics/?index=3&page=1&isMine=true 1659426216739 OK
info: API : /api/topics/ 1659426228165 OK
info: API : /api/project/allProjects 1659426228183 OK
info: API : /api/topics/?isMine=true 1659426236858 OK
info: API : /api/project/allProjects?isMin=true 1659426254623 OK
info: API : /api/project/allProjects?isMin=true 1659426280431 OK
info: API : /api/project/allProjects?isMin=true 1659426374151 OK
info: API : /api/user/profile 1659426385263 OK
info: API : /api/topics/?isMine=true 1659426389744 OK
info: API : /api/project/allProjects?isMin=true 1659426396242 OK
info: API : /api/topics/78952acc-9892-4348-bc86-b5c242edf301 1659426421106 OK
info: API : /api/topics/?isMine=true 1659426426932 OK
info: API : /api/project/allProjects?isMin=true 1659426809552 OK
info: API : /api/project/allProjects?isMin=true 1659426815614 OK
info: API : /api/project/allProjects?isMin=true 1659426825097 OK
info: API : /api/project/allProjects?isMin=true 1659426829351 OK
info: API : /api/project/allProjects?isMin=true 1659426859803 OK
info: API : /api/project/allProjects?isMin=true 1659428434834 OK
info: API : /api/topics/ 1659428458429 OK
info: API : /api/project/allProjects 1659428458441 OK
info: API : /api/topics/?isMine=true 1659428501251 OK
info: API : /api/project/allProjects?isMin=true 1659428504483 OK
info: API : /api/topics/4d46a919-0bc7-4f52-8efa-9fbc1cb9e1c5 1659428516741 OK
info: API : /api/topics/?isMine=true 1659428523377 OK
info: API : /api/project/allProjects?isMin=true 1659428525404 OK
info: API : /api/topics/4d46a919-0bc7-4f52-8efa-9fbc1cb9e1c5 1659428568702 OK
info: API : /api/project/allProjects?isMin=true 1659428774074 OK
info: API : /api/topics/4d46a919-0bc7-4f52-8efa-9fbc1cb9e1c5 1659428778799 OK
info: API : /api/project/allProjects?isMin=true 1659428781163 OK
info: API : /api/topics/?isMine=true 1659428786631 OK
info: API : /api/project/allProjects?isMin=true 1659428788440 OK
info: API : /api/user/activities/ 1659428862913 OK
info: API : /api/user/activities/ 1659429093348 OK
info: API : /api/topics//0bae99a7-f1bc-45d6-a906-c6c4af572054/comment/ 1659429107933 OK
info: API : /api/auth/login/ 1659429354412 OK
info: API : /api/project/allProjects 1659429355264 OK
info: API : /api/topics/ 1659429355273 OK
info: API : /api/auth/login/ 1659429434352 OK
info: API : /api/auth/login/ 1659429453833 OK
info: API : /api/auth/login/ 1659429480313 OK
info: API : /api/auth/login/ 1659429523116 OK
info: API : /api/topics/ 1659429523908 OK
info: API : /api/project/allProjects 1659429523914 OK
info: API : /api/topics/ 1659429552431 OK
info: API : /api/project/allProjects 1659429552445 OK
info: API : /api/auth/login/ 1659429648140 OK
info: API : /api/topics/ 1659429719346 OK
info: API : /api/project/allProjects 1659429719351 OK
info: API : /api/auth/login/ 1659429784086 OK
info: API : /api/project/allProjects 1659429784924 OK
info: API : /api/topics/ 1659429784934 OK
info: API : /api/auth/login/ 1659429802998 OK
info: API : /api/topics/ 1659429803857 OK
info: API : /api/project/allProjects 1659429803869 OK
info: API : /api/user/activities/ 1659429811729 OK
info: API : /api/topics/?projectId=0b156c61-c68e-44a8-8c26-1275b07a3ee6 1659429816982 OK
info: API : /api/topics/?projectId=6475a3bd-62a3-4d18-aed8-e8cf66e0bd26 1659429819647 OK
info: API : /api/project/allProjects 1659429886497 OK
info: API : /api/topics/ 1659429886507 OK
info: API : /api/user/subscribe/ 1659429907149 OK
info: API : /api/user/subscribe/ 1659429944626 OK
info: API : /api/topics/ 1659430018775 OK
info: API : /api/project/allProjects 1659430018776 OK
info: API : /api/topics/?index=3&page=1&isMine=true 1659433854067 OK
info: API : /api/topics/?index=3&page=1&isMine=true 1659433859464 OK
info: API : /api/topics/?index=3&page=1&isMine=true 1659433869743 OK
info: API : /api/topics/?index=3&page=1&isMine=true 1659433872375 OK
info: API : /api/topics/?index=3&page=1&isMine=true 1659433898803 OK
info: API : /api/topics/?index=3&page=1&isMine=true 1659433967564 OK
info: API : /api/topics/?index=3&page=1&isMine=true 1659434057943 OK
info: API : /api/topics/?index=3&page=1&isMine=true 1659434554864 OK
info: API : /api/topics/?index=3&page=1 1659434562680 OK
info: API : /api/topics/?index=3&page=1 1659437335244 OK
info: API : /api/topics/?index=3&page=1&isMine=true 1659437344926 OK
info: API : /api/topics/?index=3&page=1&isSubscribe=true 1659437379690 OK
info: API : /api/topics/?index=3&page=1&isSubscribe=true 1659437423568 OK
info: API : /api/topics/?index=3&page=1&isSubscribe=true 1659437475835 OK
info: API : /api/topics/?index=3&page=1&isSubscribe=true 1659437499148 OK
info: API : /api/topics/?index=3&page=1&isSubscribe=true 1659437558401 OK
info: API : /api/topics/?index=3&page=1&isSubscribe=true 1659437657948 OK
info: API : /api/topics/?index=3&page=1&isSubscribe=true 1659437810010 OK
info: API : /api/topics/?isPublic=true&index=3&page=1&isSubscribe=true 1659440095362 OK
info: API : /api/topics/ 1659440182426 OK
info: API : /api/project/allProjects 1659440182433 OK
info: API : /api/topics/ 1659440248621 OK
info: API : /api/project/allProjects 1659440248631 OK
info: API : /api/topics/ 1659440315808 OK
info: API : /api/project/allProjects 1659440315817 OK
info: API : /api/project/allProjects 1659440323968 OK
info: API : /api/topics/ 1659440323979 OK
info: API : /api/project/allProjects?isMin=true 1659440334270 OK
info: API : /api/topics/?index=10&page=1&isSubscribe=true 1659440334274 OK
info: API : /api/topics/?index=10&page=1&isSubscribe=true 1659440389898 OK
info: API : /api/topics/?index=10&page=1&isSubscribe=true 1659440728489 OK
info: API : /api/topics/?index=10&page=1&isSubscribe=true 1659440791914 OK
info: API : /api/topics/?index=10&page=1&isSubscribe=true 1659440949713 OK
info: API : /api/topics/?index=1&page=1&isSubscribe=true 1659440957930 OK
info: API : /api/topics/?index=10&page=1&isSubscribe=true 1659440976152 OK
info: API : /api/project/allProjects?isMin=true 1659440976157 OK
info: API : /api/topics//0bae99a7-f1bc-45d6-a906-c6c4af572054/comment/ 1659440984352 OK
info: API : /api/topics/?index=1&page=1&isSubscribe=true 1660465989200 OK
info: API : /api/topics/?index=1&page=1&isSubscribe=true 1660466048972 OK
info: API : /api/topics/?index=1&page=1&isSubscribe=true 1660466056885 OK
info: API : /api/topics/?index=1&page=1&isSubscribe=true 1660466090564 OK
info: API : /api/topics/?index=1&page=1&isSubscribe=true 1660466132348 OK
info: API : /api/topics/?index=1&page=1&isSubscribe=true 1660472079578 OK
info: API : /api/topics/ 1660472567726 OK
info: API : /api/project/allProjects 1660472567728 OK
info: API : /api/auth/signup 1660472607688 Created
info: API : /api/auth/login/ 1660472612979 OK
info: API : /api/project/allProjects 1660472613825 OK
info: API : /api/topics/ 1660472613836 OK
info: API : /api/topics/?isMine=true 1660472623025 OK
info: API : /api/topics/?projectId=49887154-6086-4d1e-bef1-09b4ef741bd0 1660472658613 OK
info: API : /api/topics//417201d1-f8b6-4c24-af80-9e5ced7952c6/comment/ 1660472662263 OK
info: API : /api/topics/0bae99a7-f1bc-45d6-a906-c6c4af572054/vote 1660472968352 OK
info: API : /api/topics//0bae99a7-f1bc-45d6-a906-c6c4af572054/subscribe/ 1660472971713 OK
info: API : /api/topics//0bae99a7-f1bc-45d6-a906-c6c4af572054/subscribe/ 1660472973178 OK
info: API : /api/topics//0bae99a7-f1bc-45d6-a906-c6c4af572054/comment/ 1660472991742 OK
info: API : /api/topics//0bae99a7-f1bc-45d6-a906-c6c4af572054/comment/ 1660473009225 Created
info: API : /api/topics//0bae99a7-f1bc-45d6-a906-c6c4af572054/comment/ 1660473016178 OK
info: API : /api/project/project 1660473449202 Created
info: API : /api/topics/ 1660473635400 OK
info: API : /api/project/allProjects 1660473635413 OK
error: API : /api/project/project 1660473646817 Not Found
info: API : /api/project/project 1660473735157 Created
info: API : /api/project/allProjects?isMin=true 1660473798594 OK
info: API : /api/topics/?index=10&page=1 1660473798598 OK
info: API : /api/topics//0bae99a7-f1bc-45d6-a906-c6c4af572054/comment/ 1660473864129 OK
info: API : /api/user/activities/ 1660473910338 OK
info: API : /api/user/activities/ 1660473916581 OK
info: API : /api/user/activities/ 1660473947922 OK
info: API : /api/topics/ 1660473966429 OK
info: API : /api/project/allProjects 1660473966434 OK
info: API : /api/user/activities/ 1660473970449 OK
info: API : /api/user/activities/ 1660474006345 OK
info: API : /api/user/activities/ 1660474014293 OK
info: API : /api/topics/ 1660474026213 OK
info: API : /api/project/allProjects 1660474026219 OK
info: API : /api/project/allProjects 1660474089835 OK
info: API : /api/topics/ 1660474089841 OK
info: API : /api/topics/ 1660474107987 OK
info: API : /api/project/allProjects 1660474107997 OK
info: API : /api/project/allProjects?isMin=true 1660474113635 OK
info: API : /api/topics/?index=10&page=1 1660474113645 OK
info: API : /api/topics/?index=1&page=1&isSubscribe=true 1660474145765 OK
info: API : /api/topics/ 1660474219695 OK
info: API : /api/project/allProjects 1660474219706 OK
info: API : /api/project/allProjects?isMin=true 1660474225519 OK
info: API : /api/topics/?index=10&page=1 1660474225522 OK
info: API : /api/project/allProjects?isMin=true 1660474364656 OK
info: API : /api/topics/?index=10&page=1 1660474364661 OK
info: API : /api/topics/?index=10&page=1 1660474416653 OK
info: API : /api/project/allProjects?isMin=true 1660474416657 OK
info: API : /api/topics/?index=10&page=1&isSubscribe=true 1660474566100 OK
info: API : /api/project/allProjects?isMin=true 1660474566103 OK
info: API : /api/topics/?index=10&page=1&isSubscribe=true 1660474580670 OK
info: API : /api/project/allProjects?isMin=true 1660474580671 OK
info: API : /api/topics/?index=10&page=1&isSubscribe=true 1660474611160 OK
info: API : /api/project/allProjects?isMin=true 1660474611165 OK
info: API : /api/project/allProjects?isMin=true 1660474615900 OK
info: API : /api/topics/?index=10&page=1&isSubscribe=true 1660474615903 OK
info: API : /api/topics/?projectId=0b156c61-c68e-44a8-8c26-1275b07a3ee6 1660474635893 OK
info: API : /api/project/allProjects?isMin=true 1660474689638 OK
info: API : /api/auth/login/ 1660475808100 OK
info: API : /api/auth/login/ 1660475810533 OK
info: API : /api/auth/login/ 1660475894678 OK
info: API : /api/topics/ 1660475895615 OK
info: API : /api/project/allProjects 1660475895620 OK
info: API : /api/topics/0bae99a7-f1bc-45d6-a906-c6c4af572054/vote 1660476083411 OK
info: API : /api/topics//0bae99a7-f1bc-45d6-a906-c6c4af572054/subscribe/ 1660476089096 OK
info: API : /api/topics//0bae99a7-f1bc-45d6-a906-c6c4af572054/subscribe/ 1660476091706 OK
info: API : /api/topics/4d46a919-0bc7-4f52-8efa-9fbc1cb9e1c5/vote 1660476094494 OK
info: API : /api/topics//4d46a919-0bc7-4f52-8efa-9fbc1cb9e1c5/subscribe/ 1660476097051 OK
info: API : /api/topics/4d46a919-0bc7-4f52-8efa-9fbc1cb9e1c5/vote 1660476100178 OK
info: API : /api/topics//4d46a919-0bc7-4f52-8efa-9fbc1cb9e1c5/comment/ 1660476119957 OK
info: API : /api/topics//4d46a919-0bc7-4f52-8efa-9fbc1cb9e1c5/comment/ 1660476144235 Created
info: API : /api/topics//4d46a919-0bc7-4f52-8efa-9fbc1cb9e1c5/comment/ 1660476151888 OK
info: API : /api/project/project 1660476216554 Created
info: API : /api/project/allProjects?isMin=true 1660476227917 OK
info: API : /api/topics/?index=10&page=1 1660476227923 OK
info: API : /api/topics/?index=10&page=1&projectId=6475a3bd-62a3-4d18-aed8-e8cf66e0bd26 1660476241574 OK
info: API : /api/topics/?index=10&page=1&projectId=6475a3bd-62a3-4d18-aed8-e8cf66e0bd26&type=offer 1660476246845 OK
info: API : /api/topics/?index=10&page=1&type=offer 1660476251073 OK
info: API : /api/topics/?index=10&page=1 1660476255281 OK
info: API : /api/topics//0bae99a7-f1bc-45d6-a906-c6c4af572054/comment/ 1660476279003 OK
info: API : /api/topics/?index=10&page=2 1660476311805 OK
info: API : /api/topics/?index=10&page=2 1660476312427 OK
info: API : /api/topics/?index=10&page=3 1660476453725 OK
info: API : /api/project/allProjects?isMin=true 1660476482903 OK
info: API : /api/topics/?index=10&page=1 1660476482906 OK
info: API : /api/topics//4d46a919-0bc7-4f52-8efa-9fbc1cb9e1c5/comment/ 1660476590730 OK
info: API : /api/user/activities/ 1660476770939 OK
info: API : /api/topics//417201d1-f8b6-4c24-af80-9e5ced7952c6/subscribe/ 1660476782413 OK
info: API : /api/topics/417201d1-f8b6-4c24-af80-9e5ced7952c6/vote 1660476785903 OK
info: API : /api/topics/?index=1&page=1&isSubscribe=true 1660551374129 OK
info: API : /api/topics/?index=1&page=1&isSubscribe=true 1660551377748 OK
info: API : /api/topics/?index=1&page=1&isSubscribe=true 1660551388610 OK
info: API : /api/topics/?index=1&page=1&isSubscribe=true 1660551397753 OK
info: API : /api/topics/?index=1&page=1&isSubscribe=true 1660551401919 OK
info: API : /api/topics/?index=1&page=1&isSubscribe=true 1660551403199 OK
info: API : /api/topics/?index=1&page=1&isSubscribe=true 1660551404219 OK
info: API : /api/topics/?index=1&page=1&isSubscribe=true 1660551424080 OK
info: API : /api/topics/?index=1&page=1&isSubscribe=true 1660551440045 OK
info: API : /api/topics/?index=1&page=1&isSubscribe=true 1660551441960 OK
info: API : /api/topics/?index=1&page=1&isSubscribe=true 1660551442910 OK
info: API : /api/topics/?index=1&page=1&isSubscribe=true 1660551448298 OK
info: API : /api/topics/?index=1&page=1&isSubscribe=true 1660551451010 OK
info: API : /api/topics/?index=1&page=1&isSubscribe=true 1660551457324 OK
info: API : /api/topics/?index=1&page=1&isSubscribe=true 1660551466500 OK
info: API : /api/topics/?index=1&page=1&isSubscribe=true 1660551472577 OK
info: API : /api/topics/?index=1&page=1&isSubscribe=true 1660551473334 OK
info: API : /api/topics/?index=1&page=1&isSubscribe=true 1660551474029 OK
info: API : /api/topics/?index=1&page=1&isSubscribe=true 1660551595008 OK
info: API : /api/topics/?index=1&page=1&isSubscribe=true 1660551625385 OK
error: API : /api/topics/?index=1&page=1&isSubscribe=true 1660551633351 Not Found
info: API : /api/topics/?index=1&page=1&isSubscribe=true 1660551643043 OK
info: API : /api/topics/ 1660556503181 OK
info: API : /api/project/allProjects 1660556503186 OK
info: API : /api/topics/?index=1&page=1&isSubscribe=true 1660556504872 OK
info: API : /api/topics/?index=1&page=1&isSubscribe=true 1660556528139 OK
info: API : /api/topics/ 1660556811194 OK
info: API : /api/project/allProjects 1660556811218 OK
info: API : /api/topics/ 1660556879005 OK
info: API : /api/project/allProjects 1660556879013 OK
info: API : /api/topics/?index=1&page=1&isSubscribe=true 1660557146884 OK
info: API : /api/topics/?index=1&page=1&isSubscribe=true 1660557155116 OK
info: API : /api/topics/?index=1&page=1&isSubscribe=true 1660557683985 OK
info: API : /api/topics/?index=1&page=1&isSubscribe=true 1660557685098 OK
info: API : /api/topics/?index=1&page=1&isSubscribe=true 1660557686281 OK
info: API : /api/topics/?index=1&page=1&isSubscribe=true 1660557687843 OK
info: API : /api/topics/ 1660560759606 OK
info: API : /api/project/allProjects 1660560759607 OK
info: API : /api/topics/ 1660560768679 OK
info: API : /api/project/allProjects 1660560768688 OK
info: API : /api/auth/login/ 1660635798452 OK
info: API : /api/topics/?index=1&page=1&isSubscribe=true 1660635827106 OK
info: API : /api/topics/?index=1&page=1&isSubscribe=true 1660635903157 OK
error: API : /api/auth/login/ 1660636598601 Not Found
error: API : /api/auth/login/ 1660636636146 Not Found
info: API : /api/auth/login/ 1660637929579 OK
info: API : /api/auth/login/ 1660638132493 OK
info: API : /api/auth/login/ 1660639799687 OK
info: API : /api/auth/login/ 1660639823972 OK
error: API : / 1660640215479 Not Found
