info: API : /api/project/allProjects?isMin=true 1662079693244 OK
info: API : /api/topics/?index=10&page=1&isSubscribe=true 1662079693256 OK
info: API : /api/topics/?projectId=9bc8efde-5dc3-4ebd-94f6-e327ad964b8d 1662079702516 OK
info: API : /api/project/allProjects 1662080500270 OK
info: API : /api/topics/?index=3&page=1&topicStatus=-1 1662080572589 OK
info: API : /api/topics/?index=3&page=1&topicStatus=-1 1662080643153 OK
info: API : /api/topics/?index=3&page=1&topicStatus=-1 1662081507295 OK
info: API : /api/topics/?index=3&page=1&topicStatus=-1 1662081520454 OK
info: API : /api/topics/?index=3&page=1&topicStatus=-1 1662081619657 OK
info: API : /api/topics/?index=3&page=1&topicStatus=-1 1662081655136 OK
info: API : /api/topics/?index=3&page=1&topicStatus=-1 1662081685081 OK
info: API : /api/topics/?index=3&page=1&topicStatus=-1 1662081716308 OK
info: API : /api/topics/?index=3&page=1&topicStatus=-1 1662081762581 OK
info: API : /api/topics/ 1662081810375 OK
info: API : /api/topics/?index=3&page=1&topicStatus=-1 1662081846942 OK
info: API : /api/project/allProjects 1662081855729 OK
info: API : /api/project/allProjects 1662082266208 OK
info: API : /api/topics/ 1662082342810 OK
info: API : /api/project/allProjects 1662082368467 OK
info: API : /api/topics/?index=3&page=1&topicStatus=-1 1662082427570 OK
info: API : /api/topics/ 1662082446980 OK
info: API : /api/topics/ 1662082501434 OK
info: API : /api/project/allProjects 1662082501440 OK
info: API : /api/project/allProjects 1662082570312 OK
info: API : /api/topics/ 1662082570333 OK
warn: API : /api/topics/4d46a919-0bc7-4f52-8efa-9fbc1cb9e1c5/vote 1662082831744 Forbidden
info: API : /api/auth/login/ 1662082860480 OK
info: API : /api/project/allProjects 1662082861980 OK
info: API : /api/topics/ 1662082861991 OK
info: API : /api/topics/ 1662082921354 OK
info: API : /api/project/allProjects 1662082921363 OK
info: API : /api/topics/ 1662082926014 OK
info: API : /api/topics/ 1662083171115 OK
info: API : /api/project/allProjects 1662083171124 OK
info: API : /api/topics/ 1662083175632 OK
info: API : /api/topics/?index=3&page=1&topicStatus=-1 1662083450911 OK
info: API : /api/topics/ 1662083480856 OK
info: API : /api/project/allProjects 1662083480860 OK
info: API : /api/topics/ 1662083558332 OK
info: API : /api/project/allProjects 1662083558340 OK
info: API : /api/project/allProjects 1662083673015 OK
info: API : /api/topics/ 1662083673024 OK
info: API : /api/project/allProjects 1662083706197 OK
info: API : /api/project/allProjects 1662083719718 OK
info: API : /api/topics/ 1662083719731 OK
info: API : /api/project/allProjects 1662083753399 OK
info: API : /api/topics/ 1662083753407 OK
info: API : /api/topics/ 1662083769418 OK
info: API : /api/project/allProjects 1662083769436 OK
info: API : /api/project/allProjects 1662083834850 OK
info: API : /api/topics/ 1662083834860 OK
info: API : /api/topics/ 1662083878293 OK
info: API : /api/project/allProjects 1662083878334 OK
info: API : /api/project/allProjects 1662083980170 OK
info: API : /api/topics/ 1662083980203 OK
info: API : /api/topics/ 1662084040539 OK
info: API : /api/project/allProjects 1662084040545 OK
info: API : /api/project/allProjects 1662084202921 OK
info: API : /api/topics/ 1662084202932 OK
