info: API : /api/project/allProjects 1662233912630 OK
info: API : /api/project/allProjects 1662234085937 OK
info: API : /api/topics/ 1662234085947 OK
info: API : /api/topics/ 1662234116934 OK
info: API : /api/project/allProjects 1662234116961 OK
info: API : /api/project/allProjects 1662234176146 OK
info: API : /api/topics/ 1662234176163 OK
info: API : /api/topics/ 1662234253746 OK
info: API : /api/project/allProjects 1662234253754 OK
info: API : /api/project/allProjects 1662234601839 OK
info: API : /api/topics/ 1662234601853 OK
info: API : /api/project/allProjects 1662234729711 OK
info: API : /api/topics/ 1662234785540 OK
info: API : /api/project/allProjects 1662234785546 OK
warn: API : /api/topics/4d46a919-0bc7-4f52-8efa-9fbc1cb9e1c5/admin/change-status?flag=4 1662234955064 Forbidden
warn: API : /api/topics/4d46a919-0bc7-4f52-8efa-9fbc1cb9e1c5/vote 1662234960872 Forbidden
info: API : /api/project/allProjects 1662235134308 OK
info: API : /api/project/allProjects 1662235142695 OK
info: API : /api/project/allProjects 1662235198499 OK
info: API : /api/project/allProjects 1662235207299 OK
info: API : /api/project/allProjects 1662235356475 OK
info: API : /api/project/allProjects 1662235402628 OK
info: API : /api/topics/ 1662235576559 OK
info: API : /api/project/allProjects 1662235576570 OK
info: API : /api/project/allProjects?isMin=true 1662235969452 OK
info: API : /api/topics/?index=10&page=1&topicStatus=-1 1662235969465 OK
info: API : /api/auth/login/ 1662236046937 OK
