error: API : /api/topics/11bf42a2-ecd6-474e-89a1-14b9c1fa13f4 1655891048523 undefined
error: API : /api/topics/create 1655891892759 Not Found
error: API : /api/auth/login/?mobile=09121111111&password=8d969eef6ecad3c29a3a629280e686cf0c3f5d5a86aff3ca12020c923adc6c92 1658220961814 Not Found
error: API : /api/auth/login/?mobile=09121111111&password=8d969eef6ecad3c29a3a629280e686cf0c3f5d5a86aff3ca12020c923adc6c92 1658221036250 Not Found
error: API : /api/auth/login/?mobile=09121111111&password=8d969eef6ecad3c29a3a629280e686cf0c3f5d5a86aff3ca12020c923adc6c92 1658221120866 Not Found
error: API : /api/auth/login/?mobile=09121111111&password=8d969eef6ecad3c29a3a629280e686cf0c3f5d5a86aff3ca12020c923adc6c92 1658221126142 Not Found
error: API : /api/auth/login/?mobile=09121111111&password=8d969eef6ecad3c29a3a629280e686cf0c3f5d5a86aff3ca12020c923adc6c92 1658221176314 Not Found
error: API : /api/auth/login/?mobile=09121111111&password=8d969eef6ecad3c29a3a629280e686cf0c3f5d5a86aff3ca12020c923adc6c92 1658221400133 Not Found
error: API : /api/auth/login/?mobile=09121111111&password=8d969eef6ecad3c29a3a629280e686cf0c3f5d5a86aff3ca12020c923adc6c92 1658221421241 Not Found
error: API : /api/auth/login/?mobile=09121111111&password=8d969eef6ecad3c29a3a629280e686cf0c3f5d5a86aff3ca12020c923adc6c92 1658221498374 Not Found
error: API : /api/auth/login/?mobile=09121111111&password=8d969eef6ecad3c29a3a629280e686cf0c3f5d5a86aff3ca12020c923adc6c92 1658221912883 Not Found
error: API : /api/auth/login/?mobile=09121111111&password=8d969eef6ecad3c29a3a629280e686cf0c3f5d5a86aff3ca12020c923adc6c92 1658221941913 Not Found
error: API : /api/auth/login/?mobile=09121111111&password=8d969eef6ecad3c29a3a629280e686cf0c3f5d5a86aff3ca12020c923adc6c92 1658221947063 Not Found
error: API : /api/auth/login/?mobile=09121111111&password=8d969eef6ecad3c29a3a629280e686cf0c3f5d5a86aff3ca12020c923adc6c92 1658221947669 Not Found
error: API : /api/auth/login/?mobile=09121111111&password=8d969eef6ecad3c29a3a629280e686cf0c3f5d5a86aff3ca12020c923adc6c92 1658221951674 Not Found
error: API : /api/auth/login/?mobile=09121111111&password=8d969eef6ecad3c29a3a629280e686cf0c3f5d5a86aff3ca12020c923adc6c92 1658221989032 Not Found
error: API : /api/auth/login/?mobile=09121111111&password=8d969eef6ecad3c29a3a629280e686cf0c3f5d5a86aff3ca12020c923adc6c92 1658222003630 Not Found
error: API : /api/auth/login/?mobile=09121111111&password=8d969eef6ecad3c29a3a629280e686cf0c3f5d5a86aff3ca12020c923adc6c92 1658222038040 Not Found
error: API : /api/auth/login/?mobile=09121111111&password=8d969eef6ecad3c29a3a629280e686cf0c3f5d5a86aff3ca12020c923adc6c92 1658222039557 Not Found
error: API : /api/auth/login/?mobile=09121111111&password=8d969eef6ecad3c29a3a629280e686cf0c3f5d5a86aff3ca12020c923adc6c92 1658222053304 Not Found
error: API : /api/auth/login/?mobile=09121111111&password=8d969eef6ecad3c29a3a629280e686cf0c3f5d5a86aff3ca12020c923adc6c92 1658222194019 Not Found
error: API : /api/auth/login/?mobile=09121111111&password=8d969eef6ecad3c29a3a629280e686cf0c3f5d5a86aff3ca12020c923adc6c92 1658222251155 Not Found
error: API : /api/auth/login/?mobile=09121111111&password=8d969eef6ecad3c29a3a629280e686cf0c3f5d5a86aff3ca12020c923adc6c92 1658222277092 Not Found
error: API : /api/auth/login/ 1658222961110 Not Found
error: API : /api/auth/login/ 1658223213232 Not Found
error: API : /api/auth/login/ 1658223586096 Not Found
error: API : /api/auth/login/ 1658223587377 Not Found
error: API : /api/auth/login/ 1658223658887 Not Found
error: API : /api/auth/login/ 1658223702046 Not Found
error: API : /api/auth/login/ 1658223740351 Not Found
error: API : /api/project/allProjects?isMine=true 1658663344096 Not Found
error: API : /api/project/allProjects?isMine=true 1658663498261 Not Found
error: API : /api/topics//undefined//admin/change-status?flag=1 1659271254800 Not Found
error: API : /api/topics//e2670ff4-f7d5-4c08-8395-1f88fc3c4a85//admin/change-status?flag=1 1659271303903 Not Found
error: API : /api/topics/11bf42a2-ecd6-474e-89a1-14b9c1fa13f4 1659415150409 Not Found
error: API : /api/topics/create//4d46a919-0bc7-4f52-8efa-9fbc1cb9e1c5 1659415748736 Not Found
error: API : /api/topics/11bf42a2-ecd6-474e-89a1-14b9c1fa13f4 1659419183712 Not Found
error: API : /api/topics/d79b2bcc-9133-4647-9a46-dbc4304e5161/hjgj 1659421209379 Not Found
error: API : /api/topics/05f42d64-1ee0-49ed-a53c-453312bfbc54 1659421695780 Not Found
error: API : /api/topics/2910dfc4-b31a-47fb-abe8-13ce18e81c1c 1659425118574 Not Found
error: API : /api/topics/2910dfc4-b31a-47fb-abe8-13ce18e81c1c 1659425124709 Not Found
error: API : /api/project/project 1660473646817 Not Found
error: API : /api/topics/?index=1&page=1&isSubscribe=true 1660551633351 Not Found
error: API : /api/auth/login/ 1660636598601 Not Found
error: API : /api/auth/login/ 1660636636146 Not Found
error: API : / 1660640215479 Not Found
